0 info it worked if it ends with ok
1 verbose cli [ '/usr/local/Cellar/node/6.4.0/bin/node',
1 verbose cli   '/usr/local/bin/npm',
1 verbose cli   'version',
1 verbose cli   'minor' ]
2 info using npm@3.10.8
3 info using node@v6.4.0
4 info git [ 'status', '--porcelain' ]
5 verbose stack Error: Git working directory not clean.
5 verbose stack M readme.md
5 verbose stack M templates/project/.babelrc
5 verbose stack D templates/project/.eslintrc
5 verbose stack M templates/project/.stylelintrc.yml
5 verbose stack M templates/project/package.json
5 verbose stack M templates/project/source/index.html
5 verbose stack M templates/project/source/logic/actions.js
5 verbose stack M templates/project/source/logic/reducer.js
5 verbose stack M templates/project/source/logic/store.js
5 verbose stack M templates/project/source/logic/user/actions/index.js
5 verbose stack M templates/project/source/logic/user/core/index.js
5 verbose stack M templates/project/source/logic/user/reducer.js
5 verbose stack M templates/project/source/views/Home/index.jsx
5 verbose stack M templates/project/source/views/Home/styles.scss
5 verbose stack M templates/project/source/views/index.jsx
5 verbose stack M templates/project/tools/build/webpack.config.js
5 verbose stack M templates/project/tools/start/index.js
5 verbose stack M templates/project/tools/start/webpack.config.js
5 verbose stack M templates/project/tools/test/dom.js
5 verbose stack M templates/project/tools/test/once.js
5 verbose stack M templates/project/tools/test/setup.js
5 verbose stack M templates/project/tools/test/webpack.config.js
5 verbose stack     at /usr/local/lib/node_modules/npm/lib/version.js:247:19
5 verbose stack     at /usr/local/lib/node_modules/npm/lib/utils/no-progress-while-running.js:21:8
5 verbose stack     at ChildProcess.exithandler (child_process.js:197:7)
5 verbose stack     at emitTwo (events.js:106:13)
5 verbose stack     at ChildProcess.emit (events.js:191:7)
5 verbose stack     at maybeClose (internal/child_process.js:852:16)
5 verbose stack     at Socket.<anonymous> (internal/child_process.js:323:11)
5 verbose stack     at emitOne (events.js:96:13)
5 verbose stack     at Socket.emit (events.js:188:7)
5 verbose stack     at Pipe._handle.close [as _onclose] (net.js:492:12)
6 verbose cwd /Users/Leon/Development/personal/ReRe
7 error Darwin 16.1.0
8 error argv "/usr/local/Cellar/node/6.4.0/bin/node" "/usr/local/bin/npm" "version" "minor"
9 error node v6.4.0
10 error npm  v3.10.8
11 error Git working directory not clean.
11 error M readme.md
11 error M templates/project/.babelrc
11 error D templates/project/.eslintrc
11 error M templates/project/.stylelintrc.yml
11 error M templates/project/package.json
11 error M templates/project/source/index.html
11 error M templates/project/source/logic/actions.js
11 error M templates/project/source/logic/reducer.js
11 error M templates/project/source/logic/store.js
11 error M templates/project/source/logic/user/actions/index.js
11 error M templates/project/source/logic/user/core/index.js
11 error M templates/project/source/logic/user/reducer.js
11 error M templates/project/source/views/Home/index.jsx
11 error M templates/project/source/views/Home/styles.scss
11 error M templates/project/source/views/index.jsx
11 error M templates/project/tools/build/webpack.config.js
11 error M templates/project/tools/start/index.js
11 error M templates/project/tools/start/webpack.config.js
11 error M templates/project/tools/test/dom.js
11 error M templates/project/tools/test/once.js
11 error M templates/project/tools/test/setup.js
11 error M templates/project/tools/test/webpack.config.js
12 error If you need help, you may report this error at:
12 error     <https://github.com/npm/npm/issues>
13 verbose exit [ 1, true ]
